🚀 Starting seed script...
🔗 Connecting to MongoDB at mongodb://localhost:27017/hotel_management...
✅ Connected to MongoDB
🗑️  Cleared all existing data
👤 Created admin: admin@hotel.com / admin123
👷 Created 4 Pakistani staff users
📄 Seeding guest users...
🛎️  Created 2 Pakistani guest users
🏨 Seeding hotels and rooms...
📍 Processing city: Karachi...
📍 Processing city: Lahore...
📍 Processing city: Islamabad...
🛏️  Created 18 rooms for Pakistani hotels
📅 Seeding historical data for analytics...
🚀 Starting seed script...
🔗 Connecting to MongoDB at mongodb://localhost:27017/hotel_management...
✅ Connected to MongoDB
🗑️  Cleared all existing data
👤 Created admin: admin@hotel.com / admin123
👷 Created 4 Pakistani staff users
📄 Seeding guest users...
🛎️  Created 2 Pakistani guest users
🏨 Seeding hotels and rooms...
📍 Processing city: Karachi...
📍 Processing city: Lahore...
📍 Processing city: Islamabad...
🛏️  Created 18 rooms for Pakistani hotels
📅 Seeding historical data for analytics...
📊 Seeded 18 historical bookings/invoices/feedback
